::1 - - [22/Jun/2021:02:16:50 +0000] "GET /api/edu/organization/get HTTP/1.1" 200 1627 "-" "Mozilla/5.0 (Windows NT 10.0; Win64; x64) AppleWebKit/537.36 (KHTML, like Gecko) Chrome/91.0.4472.106 Safari/537.36"
::1 - - [22/Jun/2021:02:22:35 +0000] "GET /api/edu/organization/get HTTP/1.1" 304 - "-" "Mozilla/5.0 (Windows NT 10.0; Win64; x64) AppleWebKit/537.36 (KHTML, like Gecko) Chrome/91.0.4472.106 Safari/537.36"
::1 - - [22/Jun/2021:02:24:31 +0000] "GET /api/edu/organization/get HTTP/1.1" 304 - "-" "Mozilla/5.0 (Windows NT 10.0; Win64; x64) AppleWebKit/537.36 (KHTML, like Gecko) Chrome/91.0.4472.106 Safari/537.36"
::1 - - [22/Jun/2021:02:27:28 +0000] "GET /api/edu/organization/get HTTP/1.1" 304 - "-" "Mozilla/5.0 (Windows NT 10.0; Win64; x64) AppleWebKit/537.36 (KHTML, like Gecko) Chrome/91.0.4472.106 Safari/537.36"
::1 - - [22/Jun/2021:02:27:46 +0000] "GET /api/edu/organization/get HTTP/1.1" 304 - "-" "Mozilla/5.0 (Windows NT 10.0; Win64; x64) AppleWebKit/537.36 (KHTML, like Gecko) Chrome/91.0.4472.106 Safari/537.36"
::1 - - [22/Jun/2021:02:28:20 +0000] "GET /api/edu/organization/get HTTP/1.1" 304 - "-" "Mozilla/5.0 (Windows NT 10.0; Win64; x64) AppleWebKit/537.36 (KHTML, like Gecko) Chrome/91.0.4472.106 Safari/537.36"
::1 - - [22/Jun/2021:02:30:01 +0000] "GET /api/edu/organization/get HTTP/1.1" 304 - "-" "Mozilla/5.0 (Windows NT 10.0; Win64; x64) AppleWebKit/537.36 (KHTML, like Gecko) Chrome/91.0.4472.106 Safari/537.36"
::1 - - [22/Jun/2021:02:30:21 +0000] "GET /api/edu/organization/get HTTP/1.1" 304 - "-" "Mozilla/5.0 (Windows NT 10.0; Win64; x64) AppleWebKit/537.36 (KHTML, like Gecko) Chrome/91.0.4472.106 Safari/537.36"
::1 - - [22/Jun/2021:02:32:42 +0000] "GET /api/edu/organization/get HTTP/1.1" 304 - "-" "Mozilla/5.0 (Windows NT 10.0; Win64; x64) AppleWebKit/537.36 (KHTML, like Gecko) Chrome/91.0.4472.106 Safari/537.36"
::1 - - [22/Jun/2021:02:34:28 +0000] "GET /api/edu/organization/get HTTP/1.1" 304 - "-" "Mozilla/5.0 (Windows NT 10.0; Win64; x64) AppleWebKit/537.36 (KHTML, like Gecko) Chrome/91.0.4472.106 Safari/537.36"
::1 - - [22/Jun/2021:02:34:35 +0000] "GET /api/edu/organization/get HTTP/1.1" 304 - "-" "Mozilla/5.0 (Windows NT 10.0; Win64; x64) AppleWebKit/537.36 (KHTML, like Gecko) Chrome/91.0.4472.106 Safari/537.36"
::1 - - [22/Jun/2021:02:35:24 +0000] "GET /api/edu/organization/get HTTP/1.1" 304 - "-" "Mozilla/5.0 (Windows NT 10.0; Win64; x64) AppleWebKit/537.36 (KHTML, like Gecko) Chrome/91.0.4472.106 Safari/537.36"
::1 - - [22/Jun/2021:02:41:56 +0000] "POST /api/edu/organization/new HTTP/1.1" 500 148 "-" "PostmanRuntime/7.28.0"
::1 - - [22/Jun/2021:02:47:44 +0000] "POST /api/edu/organization/new HTTP/1.1" 500 148 "-" "PostmanRuntime/7.28.0"
::1 - - [22/Jun/2021:02:57:57 +0000] "GET /api/edu/organization/get HTTP/1.1" 304 - "-" "Mozilla/5.0 (Windows NT 10.0; Win64; x64) AppleWebKit/537.36 (KHTML, like Gecko) Chrome/91.0.4472.106 Safari/537.36"
::1 - - [22/Jun/2021:02:58:21 +0000] "GET /api/edu/organization/get HTTP/1.1" 304 - "-" "Mozilla/5.0 (Windows NT 10.0; Win64; x64) AppleWebKit/537.36 (KHTML, like Gecko) Chrome/91.0.4472.106 Safari/537.36"
::1 - - [22/Jun/2021:02:59:38 +0000] "GET /api/edu/organization/get HTTP/1.1" 304 - "-" "Mozilla/5.0 (Windows NT 10.0; Win64; x64) AppleWebKit/537.36 (KHTML, like Gecko) Chrome/91.0.4472.106 Safari/537.36"
::1 - - [22/Jun/2021:02:59:53 +0000] "GET /api/edu/organization/get HTTP/1.1" 304 - "-" "Mozilla/5.0 (Windows NT 10.0; Win64; x64) AppleWebKit/537.36 (KHTML, like Gecko) Chrome/91.0.4472.106 Safari/537.36"
::1 - - [22/Jun/2021:03:07:51 +0000] "POST /api/edu/organization/new HTTP/1.1" 200 27 "-" "PostmanRuntime/7.28.0"
::1 - - [22/Jun/2021:03:13:44 +0000] "POST /api/edu/organization/new HTTP/1.1" 200 27 "-" "PostmanRuntime/7.28.0"
::1 - - [22/Jun/2021:03:14:27 +0000] "POST /api/edu/organization/new HTTP/1.1" 200 27 "-" "PostmanRuntime/7.28.0"
::1 - - [22/Jun/2021:08:07:44 +0000] "GET /api/edu/organization/get HTTP/1.1" 200 2451 "-" "Mozilla/5.0 (Windows NT 10.0; Win64; x64) AppleWebKit/537.36 (KHTML, like Gecko) Chrome/91.0.4472.106 Safari/537.36"
::1 - - [22/Jun/2021:08:07:52 +0000] "GET /api/edu/teacher/get HTTP/1.1" 200 848 "-" "Mozilla/5.0 (Windows NT 10.0; Win64; x64) AppleWebKit/537.36 (KHTML, like Gecko) Chrome/91.0.4472.106 Safari/537.36"
::1 - - [22/Jun/2021:08:09:34 +0000] "GET /api/edu/teacher/get?working_time=2021-06-22 HTTP/1.1" 200 848 "-" "Mozilla/5.0 (Windows NT 10.0; Win64; x64) AppleWebKit/537.36 (KHTML, like Gecko) Chrome/91.0.4472.106 Safari/537.36"
::1 - - [22/Jun/2021:08:12:53 +0000] "GET /api/edu/teacher/get?working_time=2021-06-21 HTTP/1.1" 200 848 "-" "Mozilla/5.0 (Windows NT 10.0; Win64; x64) AppleWebKit/537.36 (KHTML, like Gecko) Chrome/91.0.4472.106 Safari/537.36"
::1 - - [22/Jun/2021:08:14:22 +0000] "GET /api/edu/teacher/get?working_time=2020 HTTP/1.1" 200 858 "-" "Mozilla/5.0 (Windows NT 10.0; Win64; x64) AppleWebKit/537.36 (KHTML, like Gecko) Chrome/91.0.4472.106 Safari/537.36"
::1 - - [22/Jun/2021:08:15:54 +0000] "GET /api/edu/teacher/get?working_time=2020-06-21 HTTP/1.1" 200 858 "-" "Mozilla/5.0 (Windows NT 10.0; Win64; x64) AppleWebKit/537.36 (KHTML, like Gecko) Chrome/91.0.4472.106 Safari/537.36"
::1 - - [22/Jun/2021:08:16:18 +0000] "GET /api/edu/teacher/get?working_time=2020-06-21 HTTP/1.1" 304 - "-" "Mozilla/5.0 (Windows NT 10.0; Win64; x64) AppleWebKit/537.36 (KHTML, like Gecko) Chrome/91.0.4472.106 Safari/537.36"
::1 - - [22/Jun/2021:08:17:23 +0000] "GET /api/edu/teacher/get?working_time=2020-06-21 HTTP/1.1" - - "-" "Mozilla/5.0 (Windows NT 10.0; Win64; x64) AppleWebKit/537.36 (KHTML, like Gecko) Chrome/91.0.4472.106 Safari/537.36"
::1 - - [22/Jun/2021:08:17:43 +0000] "GET /api/edu/teacher/get?working_time=2020-06-21 HTTP/1.1" 200 442 "-" "Mozilla/5.0 (Windows NT 10.0; Win64; x64) AppleWebKit/537.36 (KHTML, like Gecko) Chrome/91.0.4472.106 Safari/537.36"
::1 - - [22/Jun/2021:08:21:38 +0000] "GET /api/edu/teacher/get?title=%E6%AD%A3%E5%BC%8F%E6%95%99%E5%B8%88 HTTP/1.1" 200 858 "-" "Mozilla/5.0 (Windows NT 10.0; Win64; x64) AppleWebKit/537.36 (KHTML, like Gecko) Chrome/91.0.4472.106 Safari/537.36"
::1 - - [22/Jun/2021:08:21:55 +0000] "GET /api/edu/teacher/get?title=%E6%AD%A3%E5%BC%8F%E6%95%99%E5%B8%88 HTTP/1.1" 200 442 "-" "Mozilla/5.0 (Windows NT 10.0; Win64; x64) AppleWebKit/537.36 (KHTML, like Gecko) Chrome/91.0.4472.106 Safari/537.36"
::1 - - [22/Jun/2021:08:40:57 +0000] "POST /api/edu/teacher/new HTTP/1.1" 200 11 "-" "PostmanRuntime/7.28.0"
::1 - - [22/Jun/2021:08:41:13 +0000] "POST /api/edu/teacher/new HTTP/1.1" 200 11 "-" "PostmanRuntime/7.28.0"
::1 - - [22/Jun/2021:08:44:28 +0000] "POST /api/edu/teacher/new HTTP/1.1" 200 11 "-" "PostmanRuntime/7.28.0"
::1 - - [22/Jun/2021:08:47:35 +0000] "POST /api/edu/teacher/new HTTP/1.1" 200 11 "-" "PostmanRuntime/7.28.0"
::1 - - [22/Jun/2021:08:51:15 +0000] "POST /api/edu/teacher/new HTTP/1.1" 200 11 "-" "PostmanRuntime/7.28.0"
::1 - - [22/Jun/2021:09:09:54 +0000] "POST /api/edu/teacher/new HTTP/1.1" 200 27 "-" "PostmanRuntime/7.28.0"
::1 - - [22/Jun/2021:09:11:20 +0000] "POST /api/edu/teacher/new HTTP/1.1" - - "-" "PostmanRuntime/7.28.0"
::1 - - [22/Jun/2021:09:11:27 +0000] "POST /api/edu/teacher/new HTTP/1.1" 200 27 "-" "PostmanRuntime/7.28.0"
::1 - - [22/Jun/2021:09:11:58 +0000] "POST /api/edu/teacher/new HTTP/1.1" 200 27 "-" "PostmanRuntime/7.28.0"
::1 - - [22/Jun/2021:09:22:12 +0000] "POST /api/edu/teacher/update HTTP/1.1" 200 23 "-" "PostmanRuntime/7.28.0"
::1 - - [22/Jun/2021:09:22:51 +0000] "POST /api/edu/teacher/del HTTP/1.1" 200 11 "-" "PostmanRuntime/7.28.0"
::1 - - [22/Jun/2021:09:22:55 +0000] "POST /api/edu/teacher/del HTTP/1.1" 200 11 "-" "PostmanRuntime/7.28.0"
::1 - - [22/Jun/2021:09:23:05 +0000] "GET /api/edu/teacher/get HTTP/1.1" 200 1255 "-" "Mozilla/5.0 (Windows NT 10.0; Win64; x64) AppleWebKit/537.36 (KHTML, like Gecko) Chrome/91.0.4472.106 Safari/537.36"
