::1 - - [24/Jun/2021:11:31:55 +0000] "GET /api/edu/class/get HTTP/1.1" 200 21 "-" "Mozilla/5.0 (Windows NT 10.0; Win64; x64) AppleWebKit/537.36 (KHTML, like Gecko) Chrome/91.0.4472.114 Safari/537.36"
::1 - - [24/Jun/2021:11:31:55 +0000] "GET /favicon.ico HTTP/1.1" 404 1078 "http://localhost:8000/api/edu/class/get" "Mozilla/5.0 (Windows NT 10.0; Win64; x64) AppleWebKit/537.36 (KHTML, like Gecko) Chrome/91.0.4472.114 Safari/537.36"
::1 - - [24/Jun/2021:11:32:48 +0000] "GET /api/edu/class/get HTTP/1.1" 304 - "-" "Mozilla/5.0 (Windows NT 10.0; Win64; x64) AppleWebKit/537.36 (KHTML, like Gecko) Chrome/91.0.4472.114 Safari/537.36"
::1 - - [24/Jun/2021:11:34:00 +0000] "GET /api/edu/class/get HTTP/1.1" 200 274 "-" "Mozilla/5.0 (Windows NT 10.0; Win64; x64) AppleWebKit/537.36 (KHTML, like Gecko) Chrome/91.0.4472.114 Safari/537.36"
::1 - - [24/Jun/2021:11:35:50 +0000] "GET /api/edu/class/get HTTP/1.1" 200 21 "-" "Mozilla/5.0 (Windows NT 10.0; Win64; x64) AppleWebKit/537.36 (KHTML, like Gecko) Chrome/91.0.4472.114 Safari/537.36"
::1 - - [24/Jun/2021:11:35:56 +0000] "GET /api/edu/class/get HTTP/1.1" 304 - "-" "Mozilla/5.0 (Windows NT 10.0; Win64; x64) AppleWebKit/537.36 (KHTML, like Gecko) Chrome/91.0.4472.114 Safari/537.36"
::1 - - [24/Jun/2021:11:35:56 +0000] "GET /api/edu/class/get HTTP/1.1" 304 - "-" "Mozilla/5.0 (Windows NT 10.0; Win64; x64) AppleWebKit/537.36 (KHTML, like Gecko) Chrome/91.0.4472.114 Safari/537.36"
::1 - - [24/Jun/2021:11:36:07 +0000] "GET /api/edu/class/get HTTP/1.1" 200 274 "-" "Mozilla/5.0 (Windows NT 10.0; Win64; x64) AppleWebKit/537.36 (KHTML, like Gecko) Chrome/91.0.4472.114 Safari/537.36"
::1 - - [24/Jun/2021:12:22:57 +0000] "POST /api/edu/class/new HTTP/1.1" 500 12 "-" "PostmanRuntime/7.28.0"
::1 - - [24/Jun/2021:12:23:30 +0000] "POST /api/edu/class/new HTTP/1.1" 500 12 "-" "PostmanRuntime/7.28.0"
::1 - - [24/Jun/2021:12:24:07 +0000] "POST /api/edu/class/new HTTP/1.1" 500 12 "-" "PostmanRuntime/7.28.0"
::1 - - [24/Jun/2021:12:26:46 +0000] "POST /api/edu/class/new HTTP/1.1" 500 12 "-" "PostmanRuntime/7.28.0"
::1 - - [24/Jun/2021:12:30:51 +0000] "POST /api/edu/class/new HTTP/1.1" 200 27 "-" "PostmanRuntime/7.28.0"
::1 - - [24/Jun/2021:12:32:05 +0000] "GET /api/edu/class/get?teacher_id=1 HTTP/1.1" 200 544 "-" "Mozilla/5.0 (Windows NT 10.0; Win64; x64) AppleWebKit/537.36 (KHTML, like Gecko) Chrome/91.0.4472.114 Safari/537.36"
::1 - - [24/Jun/2021:12:34:49 +0000] "POST /api/edu/class/new HTTP/1.1" 400 221 "-" "PostmanRuntime/7.28.0"
::1 - - [24/Jun/2021:12:35:05 +0000] "POST /api/edu/class/new HTTP/1.1" 500 12 "-" "PostmanRuntime/7.28.0"
::1 - - [24/Jun/2021:12:35:41 +0000] "POST /api/edu/class/new HTTP/1.1" 500 12 "-" "PostmanRuntime/7.28.0"
::1 - - [24/Jun/2021:12:36:44 +0000] "POST /api/edu/class/new HTTP/1.1" 500 12 "-" "PostmanRuntime/7.28.0"
::1 - - [24/Jun/2021:12:38:08 +0000] "POST /api/edu/class/new HTTP/1.1" 500 12 "-" "PostmanRuntime/7.28.0"
::1 - - [24/Jun/2021:12:40:21 +0000] "POST /api/edu/class/new HTTP/1.1" 200 41 "-" "PostmanRuntime/7.28.0"
::1 - - [24/Jun/2021:12:43:56 +0000] "POST /api/edu/organizational/new HTTP/1.1" 404 33 "-" "PostmanRuntime/7.28.0"
::1 - - [24/Jun/2021:12:44:13 +0000] "POST /api/edu/organizational/new HTTP/1.1" 404 33 "-" "PostmanRuntime/7.28.0"
::1 - - [24/Jun/2021:12:45:52 +0000] "POST /api/edu/organization/new HTTP/1.1" 200 69 "-" "PostmanRuntime/7.28.0"
::1 - - [24/Jun/2021:12:50:51 +0000] "POST /api/edu/teacher/new HTTP/1.1" 200 69 "-" "PostmanRuntime/7.28.0"
::1 - - [24/Jun/2021:12:59:08 +0000] "POST /api/edu/class/update HTTP/1.1" 200 69 "-" "PostmanRuntime/7.28.0"
::1 - - [24/Jun/2021:13:04:40 +0000] "POST /api/edu/class/update HTTP/1.1" 200 23 "-" "PostmanRuntime/7.28.0"
