::1 - - [08/Jul/2021:01:52:06 +0000] "POST /api/edu/student/update HTTP/1.1" 200 23 "-" "PostmanRuntime/7.28.1"
::1 - - [08/Jul/2021:01:53:14 +0000] "POST /api/edu/student/update HTTP/1.1" 200 23 "-" "PostmanRuntime/7.28.1"
::1 - - [08/Jul/2021:01:54:23 +0000] "GET /api/student/get HTTP/1.1" 404 33 "-" "Mozilla/5.0 (Windows NT 10.0; Win64; x64) AppleWebKit/537.36 (KHTML, like Gecko) Chrome/91.0.4472.124 Safari/537.36"
::1 - - [08/Jul/2021:01:54:23 +0000] "GET /favicon.ico HTTP/1.1" 404 33 "http://localhost:8000/api/student/get" "Mozilla/5.0 (Windows NT 10.0; Win64; x64) AppleWebKit/537.36 (KHTML, like Gecko) Chrome/91.0.4472.124 Safari/537.36"
::1 - - [08/Jul/2021:01:54:33 +0000] "GET /api/edu/student/get HTTP/1.1" 200 5148 "-" "Mozilla/5.0 (Windows NT 10.0; Win64; x64) AppleWebKit/537.36 (KHTML, like Gecko) Chrome/91.0.4472.124 Safari/537.36"
::1 - - [08/Jul/2021:01:54:45 +0000] "GET /api/edu/student/get?curPage=2 HTTP/1.1" 200 550 "-" "Mozilla/5.0 (Windows NT 10.0; Win64; x64) AppleWebKit/537.36 (KHTML, like Gecko) Chrome/91.0.4472.124 Safari/537.36"
::1 - - [08/Jul/2021:06:59:21 +0000] "GET /api/edu/relationship/get HTTP/1.1" 200 252 "-" "Mozilla/5.0 (Windows NT 10.0; Win64; x64) AppleWebKit/537.36 (KHTML, like Gecko) Chrome/91.0.4472.124 Safari/537.36"
::1 - - [08/Jul/2021:06:59:22 +0000] "GET /favicon.ico HTTP/1.1" 404 33 "http://localhost:8000/api/edu/relationship/get" "Mozilla/5.0 (Windows NT 10.0; Win64; x64) AppleWebKit/537.36 (KHTML, like Gecko) Chrome/91.0.4472.124 Safari/537.36"
::1 - - [08/Jul/2021:07:00:23 +0000] "GET /api/edu/relationship/get?id=1 HTTP/1.1" 200 252 "-" "Mozilla/5.0 (Windows NT 10.0; Win64; x64) AppleWebKit/537.36 (KHTML, like Gecko) Chrome/91.0.4472.124 Safari/537.36"
::1 - - [08/Jul/2021:07:15:30 +0000] "GET /api/edu/relationship/get?id=1 HTTP/1.1" - - "-" "Mozilla/5.0 (Windows NT 10.0; Win64; x64) AppleWebKit/537.36 (KHTML, like Gecko) Chrome/91.0.4472.124 Safari/537.36"
::1 - - [08/Jul/2021:07:15:35 +0000] "GET /api/edu/relationship/get HTTP/1.1" - - "-" "Mozilla/5.0 (Windows NT 10.0; Win64; x64) AppleWebKit/537.36 (KHTML, like Gecko) Chrome/91.0.4472.124 Safari/537.36"
::ffff:127.0.0.1 - - [08/Jul/2021:07:15:53 +0000] "GET /api/edu/relationship/get HTTP/1.1" 200 269 "-" "Mozilla/5.0 (Windows NT 10.0; Win64; x64) AppleWebKit/537.36 (KHTML, like Gecko) Chrome/91.0.4472.124 Safari/537.36"
::ffff:127.0.0.1 - - [08/Jul/2021:07:15:56 +0000] "GET /api/edu/relationship/get HTTP/1.1" 304 - "-" "Mozilla/5.0 (Windows NT 10.0; Win64; x64) AppleWebKit/537.36 (KHTML, like Gecko) Chrome/91.0.4472.124 Safari/537.36"
::1 - - [08/Jul/2021:08:36:33 +0000] "GET /api/edu/course/get HTTP/1.1" 404 33 "-" "Mozilla/5.0 (Windows NT 10.0; Win64; x64) AppleWebKit/537.36 (KHTML, like Gecko) Chrome/91.0.4472.124 Safari/537.36"
::1 - - [08/Jul/2021:08:37:36 +0000] "GET /api/edu/course/get HTTP/1.1" 500 12 "-" "Mozilla/5.0 (Windows NT 10.0; Win64; x64) AppleWebKit/537.36 (KHTML, like Gecko) Chrome/91.0.4472.124 Safari/537.36"
::1 - - [08/Jul/2021:08:38:47 +0000] "GET /api/edu/course/get HTTP/1.1" 200 425 "-" "Mozilla/5.0 (Windows NT 10.0; Win64; x64) AppleWebKit/537.36 (KHTML, like Gecko) Chrome/91.0.4472.124 Safari/537.36"
::1 - - [08/Jul/2021:09:04:57 +0000] "GET /api/edu/course/get HTTP/1.1" 200 404 "-" "Mozilla/5.0 (Windows NT 10.0; Win64; x64) AppleWebKit/537.36 (KHTML, like Gecko) Chrome/91.0.4472.124 Safari/537.36"
::1 - - [08/Jul/2021:09:05:48 +0000] "GET /api/edu/course/get HTTP/1.1" 304 - "-" "Mozilla/5.0 (Windows NT 10.0; Win64; x64) AppleWebKit/537.36 (KHTML, like Gecko) Chrome/91.0.4472.124 Safari/537.36"
::1 - - [08/Jul/2021:09:06:14 +0000] "GET /api/edu/course/new HTTP/1.1" 404 33 "-" "PostmanRuntime/7.28.1"
::1 - - [08/Jul/2021:09:06:38 +0000] "POST /api/edu/course/new HTTP/1.1" 500 12 "-" "PostmanRuntime/7.28.1"
::1 - - [08/Jul/2021:09:08:41 +0000] "POST /api/edu/course/new HTTP/1.1" 500 12 "-" "PostmanRuntime/7.28.1"
::1 - - [08/Jul/2021:09:08:53 +0000] "POST /api/edu/course/new HTTP/1.1" 500 12 "-" "PostmanRuntime/7.28.1"
::1 - - [08/Jul/2021:09:08:59 +0000] "GET /api/edu/course/get HTTP/1.1" 200 1142 "-" "Mozilla/5.0 (Windows NT 10.0; Win64; x64) AppleWebKit/537.36 (KHTML, like Gecko) Chrome/91.0.4472.124 Safari/537.36"
::1 - - [08/Jul/2021:09:09:24 +0000] "POST /api/edu/course/new HTTP/1.1" 500 12 "-" "PostmanRuntime/7.28.1"
::1 - - [08/Jul/2021:09:10:20 +0000] "POST /api/edu/course/new HTTP/1.1" 500 12 "-" "PostmanRuntime/7.28.1"
::1 - - [08/Jul/2021:09:17:17 +0000] "POST /api/edu/course/new HTTP/1.1" 200 28 "-" "PostmanRuntime/7.28.1"
::1 - - [08/Jul/2021:09:17:22 +0000] "GET /api/edu/course/get HTTP/1.1" 200 3357 "-" "Mozilla/5.0 (Windows NT 10.0; Win64; x64) AppleWebKit/537.36 (KHTML, like Gecko) Chrome/91.0.4472.124 Safari/537.36"
::1 - - [08/Jul/2021:09:18:11 +0000] "POST /api/edu/course/update HTTP/1.1" 500 12 "-" "PostmanRuntime/7.28.1"
::1 - - [08/Jul/2021:09:18:57 +0000] "POST /api/edu/course/update HTTP/1.1" 500 12 "-" "PostmanRuntime/7.28.1"
::1 - - [08/Jul/2021:09:19:28 +0000] "POST /api/edu/course/update HTTP/1.1" 500 12 "-" "PostmanRuntime/7.28.1"
::1 - - [08/Jul/2021:09:20:20 +0000] "POST /api/edu/course/update HTTP/1.1" 500 12 "-" "PostmanRuntime/7.28.1"
::1 - - [08/Jul/2021:09:20:45 +0000] "POST /api/edu/course/del HTTP/1.1" 200 43 "-" "PostmanRuntime/7.28.1"
::1 - - [08/Jul/2021:09:21:14 +0000] "POST /api/edu/course/del HTTP/1.1" 200 43 "-" "PostmanRuntime/7.28.1"
::1 - - [08/Jul/2021:09:21:34 +0000] "POST /api/edu/course/del HTTP/1.1" 200 43 "-" "PostmanRuntime/7.28.1"
::1 - - [08/Jul/2021:09:22:19 +0000] "POST /api/edu/course/del HTTP/1.1" 200 11 "-" "PostmanRuntime/7.28.1"
::1 - - [08/Jul/2021:09:22:45 +0000] "POST /api/edu/course/del HTTP/1.1" 200 11 "-" "PostmanRuntime/7.28.1"
::1 - - [08/Jul/2021:09:23:30 +0000] "POST /api/edu/course/update HTTP/1.1" 500 12 "-" "PostmanRuntime/7.28.1"
::1 - - [08/Jul/2021:09:23:59 +0000] "POST /api/edu/course/update HTTP/1.1" 500 12 "-" "PostmanRuntime/7.28.1"
::1 - - [08/Jul/2021:09:24:59 +0000] "POST /api/edu/course/update HTTP/1.1" 500 12 "-" "PostmanRuntime/7.28.1"
::1 - - [08/Jul/2021:09:26:11 +0000] "POST /api/edu/relationship/update HTTP/1.1" 500 12 "-" "PostmanRuntime/7.28.1"
::1 - - [08/Jul/2021:09:28:38 +0000] "POST /api/edu/relationship/update HTTP/1.1" 500 12 "-" "PostmanRuntime/7.28.1"
::1 - - [08/Jul/2021:09:28:58 +0000] "POST /api/edu/relationship/update HTTP/1.1" 500 12 "-" "PostmanRuntime/7.28.1"
::1 - - [08/Jul/2021:09:29:28 +0000] "POST /api/edu/relationship/update HTTP/1.1" 500 12 "-" "PostmanRuntime/7.28.1"
::1 - - [08/Jul/2021:09:29:29 +0000] "POST /api/edu/relationship/update HTTP/1.1" 500 12 "-" "PostmanRuntime/7.28.1"
::1 - - [08/Jul/2021:09:29:54 +0000] "POST /api/edu/relationship/update HTTP/1.1" 500 12 "-" "PostmanRuntime/7.28.1"
::1 - - [08/Jul/2021:09:30:17 +0000] "POST /api/edu/relationship/update HTTP/1.1" 500 12 "-" "PostmanRuntime/7.28.1"
::1 - - [08/Jul/2021:09:31:32 +0000] "POST /api/edu/relationship/update HTTP/1.1" 500 12 "-" "PostmanRuntime/7.28.1"
::1 - - [08/Jul/2021:09:31:51 +0000] "POST /api/edu/relationship/update HTTP/1.1" 200 23 "-" "PostmanRuntime/7.28.1"
::1 - - [08/Jul/2021:09:33:11 +0000] "POST /api/edu/course/update HTTP/1.1" - - "-" "PostmanRuntime/7.28.1"
::1 - - [08/Jul/2021:09:33:12 +0000] "POST /api/edu/course/update HTTP/1.1" 200 23 "-" "PostmanRuntime/7.28.1"
::1 - - [08/Jul/2021:09:34:31 +0000] "POST /api/edu/course/update HTTP/1.1" 200 12 "-" "PostmanRuntime/7.28.1"
::ffff:127.0.0.1 - - [08/Jul/2021:12:30:25 +0000] "GET /api/edu/studentWork/get HTTP/1.1" 200 373 "-" "Mozilla/5.0 (Windows NT 10.0; Win64; x64) AppleWebKit/537.36 (KHTML, like Gecko) Chrome/91.0.4472.124 Safari/537.36"
::1 - - [08/Jul/2021:12:58:46 +0000] "POST /api/edu/studentWork/new HTTP/1.1" 200 69 "-" "PostmanRuntime/7.28.1"
::1 - - [08/Jul/2021:13:02:18 +0000] "POST /api/edu/studentWork/new HTTP/1.1" 200 69 "-" "PostmanRuntime/7.28.1"
::1 - - [08/Jul/2021:13:03:15 +0000] "POST /api/edu/studentWork/new HTTP/1.1" 200 69 "-" "PostmanRuntime/7.28.1"
::1 - - [08/Jul/2021:13:03:48 +0000] "POST /api/edu/studentWork/new HTTP/1.1" 200 27 "-" "PostmanRuntime/7.28.1"
::1 - - [08/Jul/2021:13:15:07 +0000] "POST /api/edu/studentWork/update HTTP/1.1" 200 12 "-" "PostmanRuntime/7.28.1"
::1 - - [08/Jul/2021:13:15:42 +0000] "POST /api/edu/studentWork/update HTTP/1.1" 200 12 "-" "PostmanRuntime/7.28.1"
::1 - - [08/Jul/2021:13:15:52 +0000] "POST /api/edu/studentWork/update HTTP/1.1" 200 12 "-" "PostmanRuntime/7.28.1"
::1 - - [08/Jul/2021:13:16:45 +0000] "POST /api/edu/studentWork/update HTTP/1.1" 200 23 "-" "PostmanRuntime/7.28.1"
::1 - - [08/Jul/2021:13:17:04 +0000] "POST /api/edu/studentWork/update HTTP/1.1" 200 12 "-" "PostmanRuntime/7.28.1"
::1 - - [08/Jul/2021:13:17:31 +0000] "POST /api/edu/studentWork/update HTTP/1.1" 200 12 "-" "PostmanRuntime/7.28.1"
::1 - - [08/Jul/2021:13:17:40 +0000] "POST /api/edu/studentWork/update HTTP/1.1" 200 12 "-" "PostmanRuntime/7.28.1"
::1 - - [08/Jul/2021:13:18:26 +0000] "POST /api/edu/studentWork/update HTTP/1.1" 200 23 "-" "PostmanRuntime/7.28.1"
::1 - - [08/Jul/2021:13:19:28 +0000] "POST /api/edu/student/update HTTP/1.1" 200 23 "-" "PostmanRuntime/7.28.1"
::1 - - [08/Jul/2021:13:21:42 +0000] "POST /api/edu/studentWork/del HTTP/1.1" 200 11 "-" "PostmanRuntime/7.28.1"
::1 - - [08/Jul/2021:13:21:56 +0000] "GET /api/edu/studentWork/get HTTP/1.1" 200 372 "-" "Mozilla/5.0 (Windows NT 10.0; Win64; x64) AppleWebKit/537.36 (KHTML, like Gecko) Chrome/91.0.4472.124 Safari/537.36"
::1 - - [08/Jul/2021:14:09:44 +0000] "GET /api/edu/scoreRecord/get HTTP/1.1" 500 12 "-" "Mozilla/5.0 (Windows NT 10.0; Win64; x64) AppleWebKit/537.36 (KHTML, like Gecko) Chrome/91.0.4472.124 Safari/537.36"
::1 - - [08/Jul/2021:14:11:03 +0000] "GET /api/edu/scoreRecord/get HTTP/1.1" 200 473 "-" "Mozilla/5.0 (Windows NT 10.0; Win64; x64) AppleWebKit/537.36 (KHTML, like Gecko) Chrome/91.0.4472.124 Safari/537.36"
::1 - - [08/Jul/2021:14:29:47 +0000] "POST /api/edu/socreRecord/new HTTP/1.1" 404 33 "-" "PostmanRuntime/7.28.1"
::1 - - [08/Jul/2021:14:31:07 +0000] "POST /api/edu/socreRecord/new HTTP/1.1" 404 33 "-" "PostmanRuntime/7.28.1"
::1 - - [08/Jul/2021:14:31:32 +0000] "POST /api/edu/socreRecord/new HTTP/1.1" 404 33 "-" "PostmanRuntime/7.28.1"
::1 - - [08/Jul/2021:14:32:08 +0000] "POST /api/edu/scoreRecord/new HTTP/1.1" 200 27 "-" "PostmanRuntime/7.28.1"
::1 - - [08/Jul/2021:14:32:49 +0000] "POST /api/edu/scoreRecord/new HTTP/1.1" 200 27 "-" "PostmanRuntime/7.28.1"
::1 - - [08/Jul/2021:14:33:29 +0000] "POST /api/edu/scoreRecord/new HTTP/1.1" 200 27 "-" "PostmanRuntime/7.28.1"
::1 - - [08/Jul/2021:14:33:51 +0000] "POST /api/edu/scoreRecord/new HTTP/1.1" 200 27 "-" "PostmanRuntime/7.28.1"
::1 - - [08/Jul/2021:14:35:39 +0000] "POST /api/edu/scoreRecord/new HTTP/1.1" 200 27 "-" "PostmanRuntime/7.28.1"
::1 - - [08/Jul/2021:14:37:17 +0000] "POST /api/edu/scoreRecord/new HTTP/1.1" 200 27 "-" "PostmanRuntime/7.28.1"
::1 - - [08/Jul/2021:14:37:38 +0000] "POST /api/edu/scoreRecord/new HTTP/1.1" 200 27 "-" "PostmanRuntime/7.28.1"
::1 - - [08/Jul/2021:14:37:53 +0000] "POST /api/edu/scoreRecord/new HTTP/1.1" 500 12 "-" "PostmanRuntime/7.28.1"
::1 - - [08/Jul/2021:14:52:18 +0000] "POST /api/edu/scoreRecord/update HTTP/1.1" - - "-" "PostmanRuntime/7.28.1"
::1 - - [08/Jul/2021:14:53:25 +0000] "POST /api/edu/scoreRecord/update HTTP/1.1" - - "-" "PostmanRuntime/7.28.1"
::1 - - [08/Jul/2021:14:53:54 +0000] "POST /api/edu/scoreRecord/update HTTP/1.1" - - "-" "PostmanRuntime/7.28.1"
::1 - - [08/Jul/2021:14:55:05 +0000] "POST /api/edu/scoreRecord/update HTTP/1.1" - - "-" "PostmanRuntime/7.28.1"
::1 - - [08/Jul/2021:14:56:42 +0000] "POST /api/edu/scoreRecord/update HTTP/1.1" 200 23 "-" "PostmanRuntime/7.28.1"
::1 - - [08/Jul/2021:14:57:17 +0000] "POST /api/edu/scoreRecord/update HTTP/1.1" 200 23 "-" "PostmanRuntime/7.28.1"
::1 - - [08/Jul/2021:14:58:19 +0000] "POST /api/edu/scoreRecord/update HTTP/1.1" 200 23 "-" "PostmanRuntime/7.28.1"
::1 - - [08/Jul/2021:15:00:09 +0000] "POST /api/edu/scoreRecord/del HTTP/1.1" 400 123 "-" "PostmanRuntime/7.28.1"
::1 - - [08/Jul/2021:15:00:14 +0000] "POST /api/edu/scoreRecord/del HTTP/1.1" 200 11 "-" "PostmanRuntime/7.28.1"
::1 - - [08/Jul/2021:15:20:06 +0000] "GET /api/edu/measures/get HTTP/1.1" 500 12 "-" "Mozilla/5.0 (Windows NT 10.0; Win64; x64) AppleWebKit/537.36 (KHTML, like Gecko) Chrome/91.0.4472.124 Safari/537.36"
::1 - - [08/Jul/2021:15:20:40 +0000] "GET /api/edu/measures/get HTTP/1.1" 500 12 "-" "Mozilla/5.0 (Windows NT 10.0; Win64; x64) AppleWebKit/537.36 (KHTML, like Gecko) Chrome/91.0.4472.124 Safari/537.36"
::1 - - [08/Jul/2021:15:21:42 +0000] "GET /api/edu/measures/get HTTP/1.1" 500 12 "-" "Mozilla/5.0 (Windows NT 10.0; Win64; x64) AppleWebKit/537.36 (KHTML, like Gecko) Chrome/91.0.4472.124 Safari/537.36"
::1 - - [08/Jul/2021:15:22:10 +0000] "POST /api/edu/scoreRecord/del HTTP/1.1" 200 11 "-" "PostmanRuntime/7.28.1"
::1 - - [08/Jul/2021:15:22:16 +0000] "GET /api/edu/measures/get HTTP/1.1" 500 12 "-" "Mozilla/5.0 (Windows NT 10.0; Win64; x64) AppleWebKit/537.36 (KHTML, like Gecko) Chrome/91.0.4472.124 Safari/537.36"
::1 - - [08/Jul/2021:15:22:48 +0000] "GET /api/edu/measures/get HTTP/1.1" 200 237 "-" "Mozilla/5.0 (Windows NT 10.0; Win64; x64) AppleWebKit/537.36 (KHTML, like Gecko) Chrome/91.0.4472.124 Safari/537.36"
